<?xml version="1.0" encoding="UTF-8"?>
<!-- Generated by org.testng.reporters.JUnitReportReporter -->
<testsuite hostname="WIN-RKHFE96E18G" failures="0" tests="3" name="resources.CreateProductSpec" time="1.507" errors="0" timestamp="28 Jul 2022 07:51:38 GMT">
  <testcase classname="resources.CreateProductSpec" name="createProduct" time="0.032"/>
  <testcase classname="resources.CreateProductSpec" name="createProduct" time="1.434"/>
  <testcase classname="resources.CreateProductSpec" name="createProduct" time="0.041"/>
</testsuite> <!-- resources.CreateProductSpec -->
