<?xml version="1.0" encoding="UTF-8"?>
<!-- Generated by org.testng.reporters.JUnitReportReporter -->
<testsuite hostname="WIN-RKHFE96E18G" failures="0" tests="3" name="resources.CreateProductDynamicJson" time="2.459" errors="0" timestamp="25 Jul 2022 10:20:28 GMT">
  <testcase classname="resources.CreateProductDynamicJson" name="createProduct" time="2.346"/>
  <testcase classname="resources.CreateProductDynamicJson" name="createProduct" time="0.057"/>
  <testcase classname="resources.CreateProductDynamicJson" name="createProduct" time="0.056"/>
</testsuite> <!-- resources.CreateProductDynamicJson -->
