<?xml version="1.0" encoding="UTF-8"?>
<!-- Generated by org.testng.reporters.JUnitReportReporter -->
<testsuite hostname="WIN-RKHFE96E18G" failures="0" tests="1" name="com.bestbuyapiplayground.junit.services.UnitCase" time="1.474" errors="0" timestamp="1 Aug 2022 07:10:19 GMT">
  <testcase classname="com.bestbuyapiplayground.junit.services.UnitCase" name="getService" time="1.474"/>
</testsuite> <!-- com.bestbuyapiplayground.junit.services.UnitCase -->
