<?xml version="1.0" encoding="UTF-8"?>
<!-- Generated by org.testng.reporters.JUnitReportReporter -->
<testsuite hostname="WIN-RKHFE96E18G" failures="0" tests="3" name="com.bestbuyapiplayground.junit.services.UnitTest" time="0.048" errors="0" timestamp="2022-07-27T14:18:36 IST" skipped="0">
  <testcase classname="com.bestbuyapiplayground.junit.services.UnitTest" name="getStatusCode" time="0.011"/>
  <system-out/>
  <testcase classname="com.bestbuyapiplayground.junit.services.UnitTest" name="statusCode" time="0.001"/>
  <system-out/>
  <testcase classname="com.bestbuyapiplayground.junit.services.UnitTest" name="test" time="0.036"/>
  <system-out/>
</testsuite> <!-- com.bestbuyapiplayground.junit.services.UnitTest -->
